[debug] [2025-07-25T12:28:30.392Z] ----------------------------------------------------------------------
[debug] [2025-07-25T12:28:30.399Z] Command:       /Users/alap.shah/.nvm/versions/node/v22.11.0/bin/node /Users/alap.shah/.nvm/versions/node/v22.11.0/bin/firebase init functions
[debug] [2025-07-25T12:28:30.400Z] CLI Version:   14.5.1
[debug] [2025-07-25T12:28:30.400Z] Platform:      darwin
[debug] [2025-07-25T12:28:30.400Z] Node Version:  v22.11.0
[debug] [2025-07-25T12:28:30.401Z] Time:          Fri Jul 25 2025 14:28:30 GMT+0200 (Central European Summer Time)
[debug] [2025-07-25T12:28:30.401Z] ----------------------------------------------------------------------
[debug] 
[debug] [2025-07-25T12:28:30.649Z] > command requires scopes: ["email","openid","https://www.googleapis.com/auth/cloudplatformprojects.readonly","https://www.googleapis.com/auth/firebase","https://www.googleapis.com/auth/cloud-platform"]
[debug] [2025-07-25T12:28:30.649Z] > authorizing via signed-in user (alapshah.com@gmail.com)
[info] 
     ######## #### ########  ######## ########     ###     ######  ########
     ##        ##  ##     ## ##       ##     ##  ##   ##  ##       ##
     ######    ##  ########  ######   ########  #########  ######  ######
     ##        ##  ##    ##  ##       ##     ## ##     ##       ## ##
     ##       #### ##     ## ######## ########  ##     ##  ######  ########

You're about to initialize a Firebase project in this directory:

  /Users/alap.shah/Downloads/Personal/Projects/dots

Before we get started, keep in mind:

  * You are initializing within an existing Firebase project directory

[info] 
=== Project Setup
[info] 
[info] First, let's associate this project directory with a Firebase project.
[info] You can create multiple project aliases by running firebase use --add, 
[info] but for now we'll just set up a default project.
[info] 
[debug] [2025-07-25T12:28:30.653Z] Using project from CLI flag: warp-aee0a
[debug] [2025-07-25T12:28:30.654Z] Checked if tokens are valid: false, expires at: 1753446948553
[debug] [2025-07-25T12:28:30.655Z] Checked if tokens are valid: false, expires at: 1753446948553
[debug] [2025-07-25T12:28:30.655Z] > refreshing access token with scopes: []
[debug] [2025-07-25T12:28:30.657Z] >>> [apiv2][query] POST https://www.googleapis.com/oauth2/v3/token [none]
[debug] [2025-07-25T12:28:30.657Z] >>> [apiv2][body] POST https://www.googleapis.com/oauth2/v3/token [omitted]
[debug] [2025-07-25T12:28:31.134Z] <<< [apiv2][status] POST https://www.googleapis.com/oauth2/v3/token 200
[debug] [2025-07-25T12:28:31.135Z] <<< [apiv2][body] POST https://www.googleapis.com/oauth2/v3/token [omitted]
[debug] [2025-07-25T12:28:31.176Z] >>> [apiv2][query] GET https://firebase.googleapis.com/v1beta1/projects/warp-aee0a [none]
[debug] [2025-07-25T12:28:32.346Z] <<< [apiv2][status] GET https://firebase.googleapis.com/v1beta1/projects/warp-aee0a 200
[debug] [2025-07-25T12:28:32.347Z] <<< [apiv2][body] GET https://firebase.googleapis.com/v1beta1/projects/warp-aee0a {"projectId":"warp-aee0a","projectNumber":"581754346319","displayName":"warp","name":"projects/warp-aee0a","resources":{"hostingSite":"warp-aee0a"},"state":"ACTIVE","etag":"1_deb65c4c-d640-4fe5-a12f-b0c7afc614bb"}
[info] i  Using project warp-aee0a (warp) 
[info] 
=== Functions Setup
[debug] [2025-07-25T12:28:32.356Z] > command requires scopes: ["email","openid","https://www.googleapis.com/auth/cloudplatformprojects.readonly","https://www.googleapis.com/auth/firebase","https://www.googleapis.com/auth/cloud-platform"]
[debug] [2025-07-25T12:28:32.356Z] > authorizing via signed-in user (alapshah.com@gmail.com)
[debug] [2025-07-25T12:28:32.357Z] [iam] checking project warp-aee0a for permissions ["firebase.projects.get"]
[debug] [2025-07-25T12:28:32.357Z] Checked if tokens are valid: true, expires at: 1753450110135
[debug] [2025-07-25T12:28:32.358Z] Checked if tokens are valid: true, expires at: 1753450110135
[debug] [2025-07-25T12:28:32.358Z] >>> [apiv2][query] POST https://cloudresourcemanager.googleapis.com/v1/projects/warp-aee0a:testIamPermissions [none]
[debug] [2025-07-25T12:28:32.358Z] >>> [apiv2][(partial)header] POST https://cloudresourcemanager.googleapis.com/v1/projects/warp-aee0a:testIamPermissions x-goog-quota-user=projects/warp-aee0a
[debug] [2025-07-25T12:28:32.358Z] >>> [apiv2][body] POST https://cloudresourcemanager.googleapis.com/v1/projects/warp-aee0a:testIamPermissions {"permissions":["firebase.projects.get"]}
[debug] [2025-07-25T12:28:33.772Z] <<< [apiv2][status] POST https://cloudresourcemanager.googleapis.com/v1/projects/warp-aee0a:testIamPermissions 200
[debug] [2025-07-25T12:28:33.772Z] <<< [apiv2][body] POST https://cloudresourcemanager.googleapis.com/v1/projects/warp-aee0a:testIamPermissions {"permissions":["firebase.projects.get"]}
[debug] [2025-07-25T12:28:33.773Z] Checked if tokens are valid: true, expires at: 1753450110135
[debug] [2025-07-25T12:28:33.773Z] Checked if tokens are valid: true, expires at: 1753450110135
[debug] [2025-07-25T12:28:33.773Z] Checked if tokens are valid: true, expires at: 1753450110135
[debug] [2025-07-25T12:28:33.773Z] Checked if tokens are valid: true, expires at: 1753450110135
[debug] [2025-07-25T12:28:33.773Z] >>> [apiv2][query] GET https://serviceusage.googleapis.com/v1/projects/warp-aee0a/services/cloudfunctions.googleapis.com [none]
[debug] [2025-07-25T12:28:33.773Z] >>> [apiv2][(partial)header] GET https://serviceusage.googleapis.com/v1/projects/warp-aee0a/services/cloudfunctions.googleapis.com x-goog-quota-user=projects/warp-aee0a
[debug] [2025-07-25T12:28:33.776Z] >>> [apiv2][query] GET https://serviceusage.googleapis.com/v1/projects/warp-aee0a/services/runtimeconfig.googleapis.com [none]
[debug] [2025-07-25T12:28:33.776Z] >>> [apiv2][(partial)header] GET https://serviceusage.googleapis.com/v1/projects/warp-aee0a/services/runtimeconfig.googleapis.com x-goog-quota-user=projects/warp-aee0a
[debug] [2025-07-25T12:28:35.446Z] <<< [apiv2][status] GET https://serviceusage.googleapis.com/v1/projects/warp-aee0a/services/cloudfunctions.googleapis.com 200
[debug] [2025-07-25T12:28:35.446Z] <<< [apiv2][body] GET https://serviceusage.googleapis.com/v1/projects/warp-aee0a/services/cloudfunctions.googleapis.com [omitted]
[debug] [2025-07-25T12:28:35.462Z] <<< [apiv2][status] GET https://serviceusage.googleapis.com/v1/projects/warp-aee0a/services/runtimeconfig.googleapis.com 200
[debug] [2025-07-25T12:28:35.462Z] <<< [apiv2][body] GET https://serviceusage.googleapis.com/v1/projects/warp-aee0a/services/runtimeconfig.googleapis.com [omitted]
[info] 
Detected existing codebase(s): default

